build/app/intermediates/manifest_merge_blame_file/debug/manifest-merger-blame-debug-report.txt
1<?xml version="1.0" encoding="utf-8"?>
2<manifest xmlns:android="http://schemas.android.com/apk/res/android"
3    package="com.quomodosoft.shopapp"
4    android:versionCode="3"
5    android:versionName="1.0.0" >
6
7    <uses-sdk
8        android:minSdkVersion="22"
9        android:targetSdkVersion="32" />
10    <!--
11         Flutter needs it to communicate with the running application
12         to allow setting breakpoints, to provide hot reload, etc.
13    -->
14    <uses-permission android:name="android.permission.INTERNET" />
14-->src/main/AndroidManifest.xml:4:5-67
14-->src/main/AndroidManifest.xml:4:22-64
15    <uses-permission android:name="android.permission.ACCESS_NETWORK_STATE" /> <!-- See https://developer.android.com/training/package-visibility/declaring for more details. -->
15-->[:connectivity_plus] AndroidManifest.xml:9:5-79
15-->[:connectivity_plus] AndroidManifest.xml:9:22-76
16    <queries>
16-->[com.stripe:financial-connections:20.4.0] AndroidManifest.xml:12:5-20:15
17
18        <!-- Added to check the default browser that will host the AuthFlow. -->
19        <intent>
19-->[com.stripe:financial-connections:20.4.0] AndroidManifest.xml:15:9-19:18
20            <action android:name="android.intent.action.VIEW" />
20-->[com.stripe:financial-connections:20.4.0] AndroidManifest.xml:16:13-65
20-->[com.stripe:financial-connections:20.4.0] AndroidManifest.xml:16:21-62
21
22            <data android:scheme="http" />
22-->[com.stripe:financial-connections:20.4.0] AndroidManifest.xml:18:13-43
22-->[com.stripe:financial-connections:20.4.0] AndroidManifest.xml:18:19-40
23        </intent>
24        <!-- Added to check if Chrome is installed for browser-based payment authentication (e.g. 3DS1). -->
25        <package android:name="com.android.chrome" /> <!-- Needs to be explicitly declared on Android R+ -->
25-->[com.stripe:payments-core:20.4.0] AndroidManifest.xml:13:9-54
25-->[com.stripe:payments-core:20.4.0] AndroidManifest.xml:13:18-51
26        <package android:name="com.google.android.apps.maps" />
26-->[com.google.android.gms:play-services-maps:18.0.2] AndroidManifest.xml:33:9-64
26-->[com.google.android.gms:play-services-maps:18.0.2] AndroidManifest.xml:33:18-61
27    </queries> <!-- Create a unique permission for your app and use it so only your app can receive your OneSignal messages. -->
28    <permission
28-->[com.onesignal:OneSignal:4.8.5] AndroidManifest.xml:7:5-9:47
29        android:name="com.quomodosoft.shopapp.permission.C2D_MESSAGE"
29-->[com.onesignal:OneSignal:4.8.5] AndroidManifest.xml:8:9-63
30        android:protectionLevel="signature" />
30-->[com.onesignal:OneSignal:4.8.5] AndroidManifest.xml:9:9-44
31
32    <uses-permission android:name="com.quomodosoft.shopapp.permission.C2D_MESSAGE" /> <!-- OneSignal SDK has runtime checks Android version. -->
32-->[com.onesignal:OneSignal:4.8.5] AndroidManifest.xml:11:5-79
32-->[com.onesignal:OneSignal:4.8.5] AndroidManifest.xml:11:22-76
33    <!-- <uses-sdk tools:overrideLibrary="android.support.customtabs"/> -->
34    <!-- Required runtime permission to display notifications on Android 13 -->
35    <uses-permission android:name="android.permission.POST_NOTIFICATIONS" /> <!-- c2dm RECEIVE are basic requirements for push messages through Google's FCM -->
35-->[com.onesignal:OneSignal:4.8.5] AndroidManifest.xml:16:5-77
35-->[com.onesignal:OneSignal:4.8.5] AndroidManifest.xml:16:22-74
36    <uses-permission android:name="com.google.android.c2dm.permission.RECEIVE" /> <!-- Required, makes sure notifications are delivered on time. -->
36-->[com.onesignal:OneSignal:4.8.5] AndroidManifest.xml:18:5-82
36-->[com.onesignal:OneSignal:4.8.5] AndroidManifest.xml:18:22-79
37    <uses-permission android:name="android.permission.WAKE_LOCK" />
37-->[com.onesignal:OneSignal:4.8.5] AndroidManifest.xml:19:5-68
37-->[com.onesignal:OneSignal:4.8.5] AndroidManifest.xml:19:22-65
38    <!--
39 Required so the device vibrates on receiving a push notification.
40         Vibration settings of the device still apply.
41    -->
42    <uses-permission android:name="android.permission.VIBRATE" />
42-->[com.onesignal:OneSignal:4.8.5] AndroidManifest.xml:24:5-66
42-->[com.onesignal:OneSignal:4.8.5] AndroidManifest.xml:24:22-63
43    <!--
44 Use to restore notifications the user hasn't interacted with.
45         They could be missed notifications if the user reboots their device if this isn't in place.
46    -->
47    <uses-permission android:name="android.permission.RECEIVE_BOOT_COMPLETED" /> <!-- START: ShortcutBadger -->
47-->[com.onesignal:OneSignal:4.8.5] AndroidManifest.xml:30:5-81
47-->[com.onesignal:OneSignal:4.8.5] AndroidManifest.xml:30:22-78
48    <!-- Samsung -->
49    <uses-permission android:name="com.sec.android.provider.badge.permission.READ" />
49-->[com.onesignal:OneSignal:4.8.5] AndroidManifest.xml:32:5-86
49-->[com.onesignal:OneSignal:4.8.5] AndroidManifest.xml:32:22-83
50    <uses-permission android:name="com.sec.android.provider.badge.permission.WRITE" /> <!-- HTC -->
50-->[com.onesignal:OneSignal:4.8.5] AndroidManifest.xml:33:5-87
50-->[com.onesignal:OneSignal:4.8.5] AndroidManifest.xml:33:22-84
51    <uses-permission android:name="com.htc.launcher.permission.READ_SETTINGS" />
51-->[com.onesignal:OneSignal:4.8.5] AndroidManifest.xml:34:5-81
51-->[com.onesignal:OneSignal:4.8.5] AndroidManifest.xml:34:22-78
52    <uses-permission android:name="com.htc.launcher.permission.UPDATE_SHORTCUT" /> <!-- Sony -->
52-->[com.onesignal:OneSignal:4.8.5] AndroidManifest.xml:35:5-83
52-->[com.onesignal:OneSignal:4.8.5] AndroidManifest.xml:35:22-80
53    <uses-permission android:name="com.sonyericsson.home.permission.BROADCAST_BADGE" />
53-->[com.onesignal:OneSignal:4.8.5] AndroidManifest.xml:36:5-88
53-->[com.onesignal:OneSignal:4.8.5] AndroidManifest.xml:36:22-85
54    <uses-permission android:name="com.sonymobile.home.permission.PROVIDER_INSERT_BADGE" /> <!-- Apex -->
54-->[com.onesignal:OneSignal:4.8.5] AndroidManifest.xml:37:5-92
54-->[com.onesignal:OneSignal:4.8.5] AndroidManifest.xml:37:22-89
55    <uses-permission android:name="com.anddoes.launcher.permission.UPDATE_COUNT" /> <!-- Solid -->
55-->[com.onesignal:OneSignal:4.8.5] AndroidManifest.xml:38:5-84
55-->[com.onesignal:OneSignal:4.8.5] AndroidManifest.xml:38:22-81
56    <uses-permission android:name="com.majeur.launcher.permission.UPDATE_BADGE" /> <!-- Huawei -->
56-->[com.onesignal:OneSignal:4.8.5] AndroidManifest.xml:39:5-83
56-->[com.onesignal:OneSignal:4.8.5] AndroidManifest.xml:39:22-80
57    <uses-permission android:name="com.huawei.android.launcher.permission.CHANGE_BADGE" />
57-->[com.onesignal:OneSignal:4.8.5] AndroidManifest.xml:40:5-91
57-->[com.onesignal:OneSignal:4.8.5] AndroidManifest.xml:40:22-88
58    <uses-permission android:name="com.huawei.android.launcher.permission.READ_SETTINGS" />
58-->[com.onesignal:OneSignal:4.8.5] AndroidManifest.xml:41:5-92
58-->[com.onesignal:OneSignal:4.8.5] AndroidManifest.xml:41:22-89
59    <uses-permission android:name="com.huawei.android.launcher.permission.WRITE_SETTINGS" /> <!-- ZUK -->
59-->[com.onesignal:OneSignal:4.8.5] AndroidManifest.xml:42:5-93
59-->[com.onesignal:OneSignal:4.8.5] AndroidManifest.xml:42:22-90
60    <uses-permission android:name="android.permission.READ_APP_BADGE" /> <!-- OPPO -->
60-->[com.onesignal:OneSignal:4.8.5] AndroidManifest.xml:43:5-73
60-->[com.onesignal:OneSignal:4.8.5] AndroidManifest.xml:43:22-70
61    <uses-permission android:name="com.oppo.launcher.permission.READ_SETTINGS" />
61-->[com.onesignal:OneSignal:4.8.5] AndroidManifest.xml:44:5-82
61-->[com.onesignal:OneSignal:4.8.5] AndroidManifest.xml:44:22-79
62    <uses-permission android:name="com.oppo.launcher.permission.WRITE_SETTINGS" /> <!-- EvMe -->
62-->[com.onesignal:OneSignal:4.8.5] AndroidManifest.xml:45:5-83
62-->[com.onesignal:OneSignal:4.8.5] AndroidManifest.xml:45:22-80
63    <uses-permission android:name="me.everything.badger.permission.BADGE_COUNT_READ" />
63-->[com.onesignal:OneSignal:4.8.5] AndroidManifest.xml:46:5-88
63-->[com.onesignal:OneSignal:4.8.5] AndroidManifest.xml:46:22-85
64    <uses-permission android:name="me.everything.badger.permission.BADGE_COUNT_WRITE" />
64-->[com.onesignal:OneSignal:4.8.5] AndroidManifest.xml:47:5-89
64-->[com.onesignal:OneSignal:4.8.5] AndroidManifest.xml:47:22-86
65
66    <uses-feature
66-->[com.google.android.gms:play-services-maps:18.0.2] AndroidManifest.xml:26:5-28:35
67        android:glEsVersion="0x00020000"
67-->[com.google.android.gms:play-services-maps:18.0.2] AndroidManifest.xml:27:9-41
68        android:required="true" />
68-->[com.google.android.gms:play-services-maps:18.0.2] AndroidManifest.xml:28:9-32
69
70    <uses-permission android:name="android.permission.FOREGROUND_SERVICE" />
70-->[androidx.work:work-runtime:2.7.1] AndroidManifest.xml:28:5-77
70-->[androidx.work:work-runtime:2.7.1] AndroidManifest.xml:28:22-74
71
72    <permission
72-->[androidx.core:core:1.10.1] AndroidManifest.xml:22:5-24:47
73        android:name="com.quomodosoft.shopapp.DYNAMIC_RECEIVER_NOT_EXPORTED_PERMISSION"
73-->[androidx.core:core:1.10.1] AndroidManifest.xml:23:9-81
74        android:protectionLevel="signature" />
74-->[androidx.core:core:1.10.1] AndroidManifest.xml:24:9-44
75
76    <uses-permission android:name="com.quomodosoft.shopapp.DYNAMIC_RECEIVER_NOT_EXPORTED_PERMISSION" />
76-->[androidx.core:core:1.10.1] AndroidManifest.xml:26:5-97
76-->[androidx.core:core:1.10.1] AndroidManifest.xml:26:22-94
77
78    <application
79        android:name="android.app.Application"
80        android:appComponentFactory="androidx.core.app.CoreComponentFactory"
80-->[androidx.core:core:1.10.1] AndroidManifest.xml:28:18-86
81        android:debuggable="true"
82        android:icon="@mipmap/launcher_icon"
83        android:label="ShopO App"
84        android:networkSecurityConfig="@xml/network_security_config" >
85        <activity
86            android:name="com.quomodosoft.shopo2.MainActivity"
87            android:configChanges="orientation|keyboardHidden|keyboard|screenSize|smallestScreenSize|locale|layoutDirection|fontScale|screenLayout|density|uiMode"
88            android:exported="true"
89            android:hardwareAccelerated="true"
90            android:launchMode="singleTop"
91            android:theme="@style/LaunchTheme"
92            android:windowSoftInputMode="adjustResize" >
93
94            <!--
95                 Specifies an Android theme to apply to this Activity as soon as
96                 the Android process has started. This theme is visible to the user
97                 while the Flutter UI initializes. After that, this theme continues
98                 to determine the Window background behind the Flutter UI.
99            -->
100            <meta-data
101                android:name="io.flutter.embedding.android.NormalTheme"
102                android:resource="@style/NormalTheme" />
103
104            <intent-filter>
105                <action android:name="android.intent.action.MAIN" />
106
107                <category android:name="android.intent.category.LAUNCHER" />
108            </intent-filter>
109        </activity>
110        <!--
111             Don't delete the meta-data below.
112             This is used by the Flutter tool to generate GeneratedPluginRegistrant.java
113        -->
114        <meta-data
115            android:name="flutterEmbedding"
116            android:value="2" />
117
118        <provider
118-->[:image_picker_android] AndroidManifest.xml:10:9-18:20
119            android:name="io.flutter.plugins.imagepicker.ImagePickerFileProvider"
119-->[:image_picker_android] AndroidManifest.xml:11:13-82
120            android:authorities="com.quomodosoft.shopapp.flutter.image_provider"
120-->[:image_picker_android] AndroidManifest.xml:12:13-74
121            android:exported="false"
121-->[:image_picker_android] AndroidManifest.xml:13:13-37
122            android:grantUriPermissions="true" >
122-->[:image_picker_android] AndroidManifest.xml:14:13-47
123            <meta-data
123-->[:image_picker_android] AndroidManifest.xml:15:13-17:75
124                android:name="android.support.FILE_PROVIDER_PATHS"
124-->[:image_picker_android] AndroidManifest.xml:16:17-67
125                android:resource="@xml/flutter_image_picker_file_paths" />
125-->[:image_picker_android] AndroidManifest.xml:17:17-72
126        </provider>
127
128        <activity
128-->[:url_launcher_android] AndroidManifest.xml:10:9-13:74
129            android:name="io.flutter.plugins.urllauncher.WebViewActivity"
129-->[:url_launcher_android] AndroidManifest.xml:11:13-74
130            android:exported="false"
130-->[:url_launcher_android] AndroidManifest.xml:12:13-37
131            android:theme="@android:style/Theme.NoTitleBar.Fullscreen" />
131-->[:url_launcher_android] AndroidManifest.xml:13:13-71
132        <activity
132-->[com.stripe:financial-connections:20.4.0] AndroidManifest.xml:23:9-42:20
133            android:name="com.stripe.android.financialconnections.FinancialConnectionsSheetRedirectActivity"
133-->[com.stripe:financial-connections:20.4.0] AndroidManifest.xml:24:13-109
134            android:exported="true" >
134-->[com.stripe:financial-connections:20.4.0] AndroidManifest.xml:25:13-36
135            <intent-filter>
135-->[com.stripe:financial-connections:20.4.0] AndroidManifest.xml:26:13-41:29
136                <action android:name="android.intent.action.VIEW" />
136-->[com.stripe:financial-connections:20.4.0] AndroidManifest.xml:16:13-65
136-->[com.stripe:financial-connections:20.4.0] AndroidManifest.xml:16:21-62
137
138                <category android:name="android.intent.category.DEFAULT" />
138-->[com.stripe:financial-connections:20.4.0] AndroidManifest.xml:29:17-76
138-->[com.stripe:financial-connections:20.4.0] AndroidManifest.xml:29:27-73
139                <category android:name="android.intent.category.BROWSABLE" />
139-->[com.stripe:financial-connections:20.4.0] AndroidManifest.xml:30:17-78
139-->[com.stripe:financial-connections:20.4.0] AndroidManifest.xml:30:27-75
140
141                <!-- Accepts success and cancel URIs that begin with "stripe-auth://link-accounts” -->
142                <data
142-->[com.stripe:financial-connections:20.4.0] AndroidManifest.xml:18:13-43
143                    android:host="link-accounts"
144                    android:path="/com.quomodosoft.shopapp/success"
145                    android:scheme="stripe-auth" />
145-->[com.stripe:financial-connections:20.4.0] AndroidManifest.xml:18:19-40
146                <data
146-->[com.stripe:financial-connections:20.4.0] AndroidManifest.xml:18:13-43
147                    android:host="link-accounts"
148                    android:path="/com.quomodosoft.shopapp/cancel"
149                    android:scheme="stripe-auth" />
149-->[com.stripe:financial-connections:20.4.0] AndroidManifest.xml:18:19-40
150            </intent-filter>
151        </activity>
152        <activity
152-->[com.stripe:financial-connections:20.4.0] AndroidManifest.xml:43:9-46:57
153            android:name="com.stripe.android.financialconnections.FinancialConnectionsSheetActivity"
153-->[com.stripe:financial-connections:20.4.0] AndroidManifest.xml:44:13-101
154            android:exported="false"
154-->[com.stripe:financial-connections:20.4.0] AndroidManifest.xml:45:13-37
155            android:theme="@style/StripeDefaultTheme" />
155-->[com.stripe:financial-connections:20.4.0] AndroidManifest.xml:46:13-54
156        <activity
156-->[com.stripe:paymentsheet:20.4.0] AndroidManifest.xml:10:9-13:69
157            android:name="com.stripe.android.paymentsheet.PaymentSheetActivity"
157-->[com.stripe:paymentsheet:20.4.0] AndroidManifest.xml:11:13-80
158            android:exported="false"
158-->[com.stripe:paymentsheet:20.4.0] AndroidManifest.xml:12:13-37
159            android:theme="@style/StripePaymentSheetDefaultTheme" />
159-->[com.stripe:paymentsheet:20.4.0] AndroidManifest.xml:13:13-66
160        <activity
160-->[com.stripe:paymentsheet:20.4.0] AndroidManifest.xml:14:9-17:69
161            android:name="com.stripe.android.paymentsheet.PaymentOptionsActivity"
161-->[com.stripe:paymentsheet:20.4.0] AndroidManifest.xml:15:13-82
162            android:exported="false"
162-->[com.stripe:paymentsheet:20.4.0] AndroidManifest.xml:16:13-37
163            android:theme="@style/StripePaymentSheetDefaultTheme" />
163-->[com.stripe:paymentsheet:20.4.0] AndroidManifest.xml:17:13-66
164        <activity
164-->[com.stripe:link:20.4.0] AndroidManifest.xml:10:9-13:44
165            android:name="com.stripe.android.link.LinkActivity"
165-->[com.stripe:link:20.4.0] AndroidManifest.xml:11:13-64
166            android:exported="false"
166-->[com.stripe:link:20.4.0] AndroidManifest.xml:12:13-37
167            android:label="@string/link" />
167-->[com.stripe:link:20.4.0] AndroidManifest.xml:13:13-41
168        <activity
168-->[com.stripe:payments-ui-core:20.4.0] AndroidManifest.xml:10:9-13:69
169            android:name="com.stripe.android.ui.core.cardscan.CardScanActivity"
169-->[com.stripe:payments-ui-core:20.4.0] AndroidManifest.xml:11:13-80
170            android:exported="false"
170-->[com.stripe:payments-ui-core:20.4.0] AndroidManifest.xml:12:13-37
171            android:theme="@style/StripePaymentSheetDefaultTheme" />
171-->[com.stripe:payments-ui-core:20.4.0] AndroidManifest.xml:13:13-66
172        <activity
172-->[com.stripe:payments-core:20.4.0] AndroidManifest.xml:17:9-20:57
173            android:name="com.stripe.android.view.AddPaymentMethodActivity"
173-->[com.stripe:payments-core:20.4.0] AndroidManifest.xml:18:13-76
174            android:exported="false"
174-->[com.stripe:payments-core:20.4.0] AndroidManifest.xml:19:13-37
175            android:theme="@style/StripeDefaultTheme" />
175-->[com.stripe:payments-core:20.4.0] AndroidManifest.xml:20:13-54
176        <activity
176-->[com.stripe:payments-core:20.4.0] AndroidManifest.xml:21:9-24:57
177            android:name="com.stripe.android.view.PaymentMethodsActivity"
177-->[com.stripe:payments-core:20.4.0] AndroidManifest.xml:22:13-74
178            android:exported="false"
178-->[com.stripe:payments-core:20.4.0] AndroidManifest.xml:23:13-37
179            android:theme="@style/StripeDefaultTheme" />
179-->[com.stripe:payments-core:20.4.0] AndroidManifest.xml:24:13-54
180        <activity
180-->[com.stripe:payments-core:20.4.0] AndroidManifest.xml:25:9-28:57
181            android:name="com.stripe.android.view.PaymentFlowActivity"
181-->[com.stripe:payments-core:20.4.0] AndroidManifest.xml:26:13-71
182            android:exported="false"
182-->[com.stripe:payments-core:20.4.0] AndroidManifest.xml:27:13-37
183            android:theme="@style/StripeDefaultTheme" />
183-->[com.stripe:payments-core:20.4.0] AndroidManifest.xml:28:13-54
184        <activity
184-->[com.stripe:payments-core:20.4.0] AndroidManifest.xml:29:9-33:58
185            android:name="com.stripe.android.view.PaymentAuthWebViewActivity"
185-->[com.stripe:payments-core:20.4.0] AndroidManifest.xml:30:13-78
186            android:exported="false"
186-->[com.stripe:payments-core:20.4.0] AndroidManifest.xml:31:13-37
187            android:theme="@style/StripeDefaultTheme"
187-->[com.stripe:payments-core:20.4.0] AndroidManifest.xml:32:13-54
188            android:windowSoftInputMode="adjustResize" />
188-->[com.stripe:payments-core:20.4.0] AndroidManifest.xml:33:13-55
189        <activity
189-->[com.stripe:payments-core:20.4.0] AndroidManifest.xml:34:9-37:61
190            android:name="com.stripe.android.view.PaymentRelayActivity"
190-->[com.stripe:payments-core:20.4.0] AndroidManifest.xml:35:13-72
191            android:exported="false"
191-->[com.stripe:payments-core:20.4.0] AndroidManifest.xml:36:13-37
192            android:theme="@style/StripeTransparentTheme" />
192-->[com.stripe:payments-core:20.4.0] AndroidManifest.xml:37:13-58
193        <!--
194        Set android:launchMode="singleTop" so that the StripeBrowserLauncherActivity instance that
195        launched the browser Activity will also handle the return URL deep link.
196        -->
197        <activity
197-->[com.stripe:payments-core:20.4.0] AndroidManifest.xml:43:9-47:61
198            android:name="com.stripe.android.payments.StripeBrowserLauncherActivity"
198-->[com.stripe:payments-core:20.4.0] AndroidManifest.xml:44:13-85
199            android:exported="false"
199-->[com.stripe:payments-core:20.4.0] AndroidManifest.xml:45:13-37
200            android:launchMode="singleTask"
200-->[com.stripe:payments-core:20.4.0] AndroidManifest.xml:46:13-44
201            android:theme="@style/StripeTransparentTheme" />
201-->[com.stripe:payments-core:20.4.0] AndroidManifest.xml:47:13-58
202        <activity
202-->[com.stripe:payments-core:20.4.0] AndroidManifest.xml:48:9-65:20
203            android:name="com.stripe.android.payments.StripeBrowserProxyReturnActivity"
203-->[com.stripe:payments-core:20.4.0] AndroidManifest.xml:49:13-88
204            android:exported="true"
204-->[com.stripe:payments-core:20.4.0] AndroidManifest.xml:50:13-36
205            android:launchMode="singleTask"
205-->[com.stripe:payments-core:20.4.0] AndroidManifest.xml:51:13-44
206            android:theme="@style/StripeTransparentTheme" >
206-->[com.stripe:payments-core:20.4.0] AndroidManifest.xml:52:13-58
207            <intent-filter>
207-->[com.stripe:payments-core:20.4.0] AndroidManifest.xml:53:13-64:29
208                <action android:name="android.intent.action.VIEW" />
208-->[com.stripe:financial-connections:20.4.0] AndroidManifest.xml:16:13-65
208-->[com.stripe:financial-connections:20.4.0] AndroidManifest.xml:16:21-62
209
210                <category android:name="android.intent.category.DEFAULT" />
210-->[com.stripe:financial-connections:20.4.0] AndroidManifest.xml:29:17-76
210-->[com.stripe:financial-connections:20.4.0] AndroidManifest.xml:29:27-73
211                <category android:name="android.intent.category.BROWSABLE" />
211-->[com.stripe:financial-connections:20.4.0] AndroidManifest.xml:30:17-78
211-->[com.stripe:financial-connections:20.4.0] AndroidManifest.xml:30:27-75
212
213                <!-- Must match `DefaultReturnUrl#value`. -->
214                <data
214-->[com.stripe:financial-connections:20.4.0] AndroidManifest.xml:18:13-43
215                    android:host="payment_return_url"
216                    android:path="/com.quomodosoft.shopapp"
217                    android:scheme="stripesdk" />
217-->[com.stripe:financial-connections:20.4.0] AndroidManifest.xml:18:19-40
218            </intent-filter>
219        </activity>
220        <activity
220-->[com.stripe:payments-core:20.4.0] AndroidManifest.xml:66:9-69:57
221            android:name="com.stripe.android.payments.core.authentication.threeds2.Stripe3ds2TransactionActivity"
221-->[com.stripe:payments-core:20.4.0] AndroidManifest.xml:67:13-114
222            android:exported="false"
222-->[com.stripe:payments-core:20.4.0] AndroidManifest.xml:68:13-37
223            android:theme="@style/StripeDefaultTheme" />
223-->[com.stripe:payments-core:20.4.0] AndroidManifest.xml:69:13-54
224        <activity
224-->[com.stripe:payments-core:20.4.0] AndroidManifest.xml:70:9-73:66
225            android:name="com.stripe.android.googlepaylauncher.StripeGooglePayActivity"
225-->[com.stripe:payments-core:20.4.0] AndroidManifest.xml:71:13-88
226            android:exported="false"
226-->[com.stripe:payments-core:20.4.0] AndroidManifest.xml:72:13-37
227            android:theme="@style/StripeGooglePayDefaultTheme" />
227-->[com.stripe:payments-core:20.4.0] AndroidManifest.xml:73:13-63
228        <activity
228-->[com.stripe:payments-core:20.4.0] AndroidManifest.xml:74:9-77:66
229            android:name="com.stripe.android.googlepaylauncher.GooglePayLauncherActivity"
229-->[com.stripe:payments-core:20.4.0] AndroidManifest.xml:75:13-90
230            android:exported="false"
230-->[com.stripe:payments-core:20.4.0] AndroidManifest.xml:76:13-37
231            android:theme="@style/StripeGooglePayDefaultTheme" />
231-->[com.stripe:payments-core:20.4.0] AndroidManifest.xml:77:13-63
232        <activity
232-->[com.stripe:payments-core:20.4.0] AndroidManifest.xml:78:9-81:66
233            android:name="com.stripe.android.googlepaylauncher.GooglePayPaymentMethodLauncherActivity"
233-->[com.stripe:payments-core:20.4.0] AndroidManifest.xml:79:13-103
234            android:exported="false"
234-->[com.stripe:payments-core:20.4.0] AndroidManifest.xml:80:13-37
235            android:theme="@style/StripeGooglePayDefaultTheme" />
235-->[com.stripe:payments-core:20.4.0] AndroidManifest.xml:81:13-63
236        <activity
236-->[com.stripe:payments-core:20.4.0] AndroidManifest.xml:82:9-85:62
237            android:name="com.stripe.android.payments.paymentlauncher.PaymentLauncherConfirmationActivity"
237-->[com.stripe:payments-core:20.4.0] AndroidManifest.xml:83:13-107
238            android:exported="false"
238-->[com.stripe:payments-core:20.4.0] AndroidManifest.xml:84:13-37
239            android:theme="@style/PayLauncherDefaultTheme" />
239-->[com.stripe:payments-core:20.4.0] AndroidManifest.xml:85:13-59
240        <activity
240-->[com.stripe:payments-core:20.4.0] AndroidManifest.xml:86:9-89:61
241            android:name="com.stripe.android.payments.bankaccount.ui.CollectBankAccountActivity"
241-->[com.stripe:payments-core:20.4.0] AndroidManifest.xml:87:13-97
242            android:exported="false"
242-->[com.stripe:payments-core:20.4.0] AndroidManifest.xml:88:13-37
243            android:theme="@style/StripeTransparentTheme" />
243-->[com.stripe:payments-core:20.4.0] AndroidManifest.xml:89:13-58
244
245        <receiver
245-->[com.onesignal:OneSignal:4.8.5] AndroidManifest.xml:50:9-61:20
246            android:name="com.onesignal.FCMBroadcastReceiver"
246-->[com.onesignal:OneSignal:4.8.5] AndroidManifest.xml:51:13-62
247            android:exported="true"
247-->[com.onesignal:OneSignal:4.8.5] AndroidManifest.xml:52:13-36
248            android:permission="com.google.android.c2dm.permission.SEND" >
248-->[com.onesignal:OneSignal:4.8.5] AndroidManifest.xml:53:13-73
249
250            <!-- High priority so OneSignal payloads can be filtered from other FCM receivers -->
251            <intent-filter android:priority="999" >
251-->[com.onesignal:OneSignal:4.8.5] AndroidManifest.xml:56:13-60:29
251-->[com.onesignal:OneSignal:4.8.5] AndroidManifest.xml:56:28-50
252                <action android:name="com.google.android.c2dm.intent.RECEIVE" />
252-->[com.onesignal:OneSignal:4.8.5] AndroidManifest.xml:57:17-81
252-->[com.onesignal:OneSignal:4.8.5] AndroidManifest.xml:57:25-78
253
254                <category android:name="com.quomodosoft.shopapp" />
254-->[com.onesignal:OneSignal:4.8.5] AndroidManifest.xml:59:17-61
254-->[com.onesignal:OneSignal:4.8.5] AndroidManifest.xml:59:27-58
255            </intent-filter>
256        </receiver>
257
258        <service
258-->[com.onesignal:OneSignal:4.8.5] AndroidManifest.xml:63:9-69:19
259            android:name="com.onesignal.HmsMessageServiceOneSignal"
259-->[com.onesignal:OneSignal:4.8.5] AndroidManifest.xml:64:13-68
260            android:exported="false" >
260-->[com.onesignal:OneSignal:4.8.5] AndroidManifest.xml:65:13-37
261            <intent-filter>
261-->[com.onesignal:OneSignal:4.8.5] AndroidManifest.xml:66:13-68:29
262                <action android:name="com.huawei.push.action.MESSAGING_EVENT" />
262-->[com.onesignal:OneSignal:4.8.5] AndroidManifest.xml:67:17-81
262-->[com.onesignal:OneSignal:4.8.5] AndroidManifest.xml:67:25-78
263            </intent-filter>
264        </service>
265
266        <activity
266-->[com.onesignal:OneSignal:4.8.5] AndroidManifest.xml:71:9-79:20
267            android:name="com.onesignal.NotificationOpenedActivityHMS"
267-->[com.onesignal:OneSignal:4.8.5] AndroidManifest.xml:72:13-71
268            android:exported="true"
268-->[com.onesignal:OneSignal:4.8.5] AndroidManifest.xml:73:13-36
269            android:noHistory="true"
269-->[com.onesignal:OneSignal:4.8.5] AndroidManifest.xml:74:13-37
270            android:theme="@android:style/Theme.Translucent.NoTitleBar" >
270-->[com.onesignal:OneSignal:4.8.5] AndroidManifest.xml:75:13-72
271            <intent-filter>
271-->[com.onesignal:OneSignal:4.8.5] AndroidManifest.xml:76:13-78:29
272                <action android:name="android.intent.action.VIEW" />
272-->[com.stripe:financial-connections:20.4.0] AndroidManifest.xml:16:13-65
272-->[com.stripe:financial-connections:20.4.0] AndroidManifest.xml:16:21-62
273            </intent-filter>
274        </activity>
275
276        <service
276-->[com.onesignal:OneSignal:4.8.5] AndroidManifest.xml:81:9-83:40
277            android:name="com.onesignal.FCMIntentService"
277-->[com.onesignal:OneSignal:4.8.5] AndroidManifest.xml:82:13-58
278            android:exported="false" />
278-->[com.onesignal:OneSignal:4.8.5] AndroidManifest.xml:83:13-37
279        <service
279-->[com.onesignal:OneSignal:4.8.5] AndroidManifest.xml:84:9-87:72
280            android:name="com.onesignal.FCMIntentJobService"
280-->[com.onesignal:OneSignal:4.8.5] AndroidManifest.xml:85:13-61
281            android:exported="false"
281-->[com.onesignal:OneSignal:4.8.5] AndroidManifest.xml:86:13-37
282            android:permission="android.permission.BIND_JOB_SERVICE" />
282-->[com.onesignal:OneSignal:4.8.5] AndroidManifest.xml:87:13-69
283        <service
283-->[com.onesignal:OneSignal:4.8.5] AndroidManifest.xml:88:9-91:43
284            android:name="com.onesignal.SyncService"
284-->[com.onesignal:OneSignal:4.8.5] AndroidManifest.xml:89:13-53
285            android:exported="false"
285-->[com.onesignal:OneSignal:4.8.5] AndroidManifest.xml:90:13-37
286            android:stopWithTask="true" />
286-->[com.onesignal:OneSignal:4.8.5] AndroidManifest.xml:91:13-40
287        <service
287-->[com.onesignal:OneSignal:4.8.5] AndroidManifest.xml:92:9-95:72
288            android:name="com.onesignal.SyncJobService"